2017/02/23 18:51:39 [error] [exception.CHttpException.404] exception 'CHttpException' with message 'No es posible resolver la solicitud "aspirantes&registro"' in C:\xampp\htdocs\yii\framework\web\CWebApplication.php:286
Stack trace:
#0 C:\xampp\htdocs\yii\framework\web\CWebApplication.php(141): CWebApplication->runController('aspirantes&regi...')
#1 C:\xampp\htdocs\yii\framework\base\CApplication.php(184): CWebApplication->processRequest()
#2 C:\xampp\htdocs\biempleos\index.php(13): CApplication->run()
#3 {main}
REQUEST_URI=/biempleos/aspirantes&registro
---
2017/02/23 19:15:11 [error] [php] Trying to get property of non-object (C:\xampp\htdocs\biempleos\protected\components\UserIdentity.php:27)
Stack trace:
#0 C:\xampp\htdocs\yii\framework\validators\CValidator.php(201): CInlineValidator->validateAttribute()
#1 C:\xampp\htdocs\yii\framework\base\CModel.php(159): CInlineValidator->validate()
#2 C:\xampp\htdocs\biempleos\protected\controllers\SiteController.php(105): LoginForm->validate()
#3 C:\xampp\htdocs\yii\framework\web\actions\CInlineAction.php(49): SiteController->actionLogin()
#4 C:\xampp\htdocs\yii\framework\web\CController.php(308): CInlineAction->runWithParams()
#5 C:\xampp\htdocs\yii\framework\web\CController.php(286): SiteController->runAction()
#6 C:\xampp\htdocs\yii\framework\web\CController.php(265): SiteController->runActionWithFilters()
#7 C:\xampp\htdocs\yii\framework\web\CWebApplication.php(282): SiteController->run()
#8 C:\xampp\htdocs\yii\framework\web\CWebApplication.php(141): CWebApplication->runController()
#9 C:\xampp\htdocs\yii\framework\base\CApplication.php(184): CWebApplication->processRequest()
#10 C:\xampp\htdocs\biempleos\index.php(13): CWebApplication->run()
REQUEST_URI=/biempleos/site/login
in C:\xampp\htdocs\biempleos\protected\components\UserIdentity.php (27)
in C:\xampp\htdocs\biempleos\protected\models\LoginForm.php (54)
in C:\xampp\htdocs\biempleos\protected\controllers\SiteController.php (105)
2017/02/23 19:15:54 [error] [exception.CException] exception 'CException' with message 'La propiedad "CWebUser"."empresa" no se encuentra definida.' in C:\xampp\htdocs\yii\framework\base\CComponent.php:130
Stack trace:
#0 C:\xampp\htdocs\yii\framework\web\auth\CWebUser.php(146): CComponent->__get('empresa')
#1 C:\xampp\htdocs\biempleos\protected\views\empresas\index.php(68): CWebUser->__get('empresa')
#2 C:\xampp\htdocs\yii\framework\web\CBaseController.php(126): require('C:\\xampp\\htdocs...')
#3 C:\xampp\htdocs\yii\framework\web\CBaseController.php(95): CBaseController->renderInternal('C:\\xampp\\htdocs...', Array, true)
#4 C:\xampp\htdocs\yii\framework\web\CController.php(869): CBaseController->renderFile('C:\\xampp\\htdocs...', Array, true)
#5 C:\xampp\htdocs\yii\framework\web\CController.php(782): CController->renderPartial('index', Array, true)
#6 C:\xampp\htdocs\biempleos\protected\controllers\EmpresasController.php(120): CController->render('index', Array)
#7 C:\xampp\htdocs\yii\framework\web\actions\CInlineAction.php(49): EmpresasController->actionIndex()
#8 C:\xampp\htdocs\yii\framework\web\CController.php(308): CInlineAction->runWithParams(Array)
#9 C:\xampp\htdocs\yii\framework\web\filters\CFilterChain.php(133): CController->runAction(Object(CInlineAction))
#10 C:\xampp\htdocs\yii\framework\web\filters\CFilter.php(40): CFilterChain->run()
#11 C:\xampp\htdocs\yii\framework\web\CController.php(1145): CFilter->filter(Object(CFilterChain))
#12 C:\xampp\htdocs\yii\framework\web\filters\CInlineFilter.php(58): CController->filterAccessControl(Object(CFilterChain))
#13 C:\xampp\htdocs\yii\framework\web\filters\CFilterChain.php(130): CInlineFilter->filter(Object(CFilterChain))
#14 C:\xampp\htdocs\yii\framework\web\CController.php(291): CFilterChain->run()
#15 C:\xampp\htdocs\yii\framework\web\CController.php(265): CController->runActionWithFilters(Object(CInlineAction), Array)
#16 C:\xampp\htdocs\yii\framework\web\CWebApplication.php(282): CController->run('index')
#17 C:\xampp\htdocs\yii\framework\web\CWebApplication.php(141): CWebApplication->runController('empresas/index')
#18 C:\xampp\htdocs\yii\framework\base\CApplication.php(184): CWebApplication->processRequest()
#19 C:\xampp\htdocs\biempleos\index.php(13): CApplication->run()
#20 {main}
REQUEST_URI=/biempleos/empresas/index
HTTP_REFERER=http://localhost/biempleos/site/login
---
2017/02/23 19:36:54 [error] [exception.CException] exception 'CException' with message 'La propiedad "CWebUser"."empresa" no se encuentra definida.' in C:\xampp\htdocs\yii\framework\base\CComponent.php:130
Stack trace:
#0 C:\xampp\htdocs\yii\framework\web\auth\CWebUser.php(146): CComponent->__get('empresa')
#1 C:\xampp\htdocs\biempleos\protected\views\empresas\index.php(68): CWebUser->__get('empresa')
#2 C:\xampp\htdocs\yii\framework\web\CBaseController.php(126): require('C:\\xampp\\htdocs...')
#3 C:\xampp\htdocs\yii\framework\web\CBaseController.php(95): CBaseController->renderInternal('C:\\xampp\\htdocs...', Array, true)
#4 C:\xampp\htdocs\yii\framework\web\CController.php(869): CBaseController->renderFile('C:\\xampp\\htdocs...', Array, true)
#5 C:\xampp\htdocs\yii\framework\web\CController.php(782): CController->renderPartial('index', Array, true)
#6 C:\xampp\htdocs\biempleos\protected\controllers\EmpresasController.php(120): CController->render('index', Array)
#7 C:\xampp\htdocs\yii\framework\web\actions\CInlineAction.php(49): EmpresasController->actionIndex()
#8 C:\xampp\htdocs\yii\framework\web\CController.php(308): CInlineAction->runWithParams(Array)
#9 C:\xampp\htdocs\yii\framework\web\filters\CFilterChain.php(133): CController->runAction(Object(CInlineAction))
#10 C:\xampp\htdocs\yii\framework\web\filters\CFilter.php(40): CFilterChain->run()
#11 C:\xampp\htdocs\yii\framework\web\CController.php(1145): CFilter->filter(Object(CFilterChain))
#12 C:\xampp\htdocs\yii\framework\web\filters\CInlineFilter.php(58): CController->filterAccessControl(Object(CFilterChain))
#13 C:\xampp\htdocs\yii\framework\web\filters\CFilterChain.php(130): CInlineFilter->filter(Object(CFilterChain))
#14 C:\xampp\htdocs\yii\framework\web\CController.php(291): CFilterChain->run()
#15 C:\xampp\htdocs\yii\framework\web\CController.php(265): CController->runActionWithFilters(Object(CInlineAction), Array)
#16 C:\xampp\htdocs\yii\framework\web\CWebApplication.php(282): CController->run('index')
#17 C:\xampp\htdocs\yii\framework\web\CWebApplication.php(141): CWebApplication->runController('empresas/index')
#18 C:\xampp\htdocs\yii\framework\base\CApplication.php(184): CWebApplication->processRequest()
#19 C:\xampp\htdocs\biempleos\index.php(13): CApplication->run()
#20 {main}
REQUEST_URI=/biempleos/empresas/index
---
2017/02/23 19:37:19 [error] [exception.CHttpException.404] exception 'CHttpException' with message 'El sistema no ha podido encontrar la acción "walalu" solicitada.' in C:\xampp\htdocs\yii\framework\web\CController.php:483
Stack trace:
#0 C:\xampp\htdocs\yii\framework\web\CController.php(270): CController->missingAction('walalu')
#1 C:\xampp\htdocs\yii\framework\web\CWebApplication.php(282): CController->run('walalu')
#2 C:\xampp\htdocs\yii\framework\web\CWebApplication.php(141): CWebApplication->runController('aspirantes/wala...')
#3 C:\xampp\htdocs\yii\framework\base\CApplication.php(184): CWebApplication->processRequest()
#4 C:\xampp\htdocs\biempleos\index.php(13): CApplication->run()
#5 {main}
REQUEST_URI=/biempleos/aspirantes/walalu
---
2017/02/23 19:38:07 [error] [exception.CHttpException.404] exception 'CHttpException' with message 'El sistema no ha podido encontrar la acción "walalu" solicitada.' in C:\xampp\htdocs\yii\framework\web\CController.php:483
Stack trace:
#0 C:\xampp\htdocs\yii\framework\web\CController.php(270): CController->missingAction('walalu')
#1 C:\xampp\htdocs\yii\framework\web\CWebApplication.php(282): CController->run('walalu')
#2 C:\xampp\htdocs\yii\framework\web\CWebApplication.php(141): CWebApplication->runController('aspirantes/wala...')
#3 C:\xampp\htdocs\yii\framework\base\CApplication.php(184): CWebApplication->processRequest()
#4 C:\xampp\htdocs\biempleos\index.php(9): CApplication->run()
#5 {main}
REQUEST_URI=/biempleos/aspirantes/walalu
---
2017/02/23 19:38:18 [error] [exception.CHttpException.404] exception 'CHttpException' with message 'El sistema no ha podido encontrar la acción "walalu" solicitada.' in C:\xampp\htdocs\yii\framework\web\CController.php:483
Stack trace:
#0 C:\xampp\htdocs\yii\framework\web\CController.php(270): CController->missingAction('walalu')
#1 C:\xampp\htdocs\yii\framework\web\CWebApplication.php(282): CController->run('walalu')
#2 C:\xampp\htdocs\yii\framework\web\CWebApplication.php(141): CWebApplication->runController('aspirantes/wala...')
#3 C:\xampp\htdocs\yii\framework\base\CApplication.php(184): CWebApplication->processRequest()
#4 C:\xampp\htdocs\biempleos\index.php(13): CApplication->run()
#5 {main}
REQUEST_URI=/biempleos/aspirantes/walalu
---
2017/02/24 18:59:36 [error] [exception.CHttpException.403] exception 'CHttpException' with message 'Usted no se encuentra autorizado a realizar esta acción.' in C:\wamp64\www\yii\framework\web\auth\CAccessControlFilter.php:182
Stack trace:
#0 C:\wamp64\www\yii\framework\web\auth\CAccessControlFilter.php(145): CAccessControlFilter->accessDenied(Object(CWebUser), 'Usted no se enc...')
#1 C:\wamp64\www\yii\framework\web\filters\CFilter.php(38): CAccessControlFilter->preFilter(Object(CFilterChain))
#2 C:\wamp64\www\yii\framework\web\CController.php(1145): CFilter->filter(Object(CFilterChain))
#3 C:\wamp64\www\yii\framework\web\filters\CInlineFilter.php(58): CController->filterAccessControl(Object(CFilterChain))
#4 C:\wamp64\www\yii\framework\web\filters\CFilterChain.php(130): CInlineFilter->filter(Object(CFilterChain))
#5 C:\wamp64\www\yii\framework\web\CController.php(291): CFilterChain->run()
#6 C:\wamp64\www\yii\framework\web\CController.php(265): CController->runActionWithFilters(Object(CInlineAction), Array)
#7 C:\wamp64\www\yii\framework\web\CWebApplication.php(282): CController->run('solicitud')
#8 C:\wamp64\www\yii\framework\web\CWebApplication.php(141): CWebApplication->runController('aspirantes/soli...')
#9 C:\wamp64\www\yii\framework\base\CApplication.php(185): CWebApplication->processRequest()
#10 C:\wamp64\www\biempleos\index.php(13): CApplication->run()
#11 {main}
REQUEST_URI=/biempleos/aspirantes/solicitud
---
2017/02/24 19:01:22 [error] [system.db.CDbCommand] CDbCommand::execute() falló: SQLSTATE[22007]: Invalid datetime format: 1292 Incorrect date value: '' for column 'fecha_nacimiento' at row 1. La sentencia SQL ejecutada fue: UPDATE `aspirantes` SET `id`=:yp0, `foto`=:yp1, `nombre`=:yp2, `fecha_nacimiento`=:yp3, `sexo`=:yp4, `nacionalidad`=:yp5, `estatura`=:yp6, `peso`=:yp7, `estado_civil`=:yp8, `calle`=:yp9, `numero`=:yp10, `colonia`=:yp11, `codigo_postal`=:yp12, `curp`=:yp13, `rfc`=:yp14, `nss`=:yp15, `afore`=:yp16, `cartilla_militar`=:yp17, `pasaporte`=:yp18, `licencia`=:yp19, `clase_licencia`=:yp20, `numero_licencia`=:yp21, `deportista`=:yp22, `deporte`=:yp23, `club`=:yp24, `pasatiempo`=:yp25, `meta`=:yp26, `estudio`=:yp27, `escuela`=:yp28, `inicio`=:yp29, `finalizacion`=:yp30, `titulo`=:yp31, `idioma`=:yp32, `porcentaje`=:yp33, `funciones_oficina`=:yp34, `maquinaria_oficina`=:yp35, `software`=:yp36, `otras_funciones`=:yp37, `trabajo_anterior`=:yp38, `tiempo_trabajo`=:yp39, `compania`=:yp40, `direccion`=:yp41, `telefono`=:yp42, `puesto`=:yp43, `sueldo_inicial`=:yp44, `sueldo_final`=:yp45, `motivo_separacion`=:yp46, `nombre_jefe`=:yp47, `puesto_jefe`=:yp48, `nombre_ref1`=:yp49, `domicilio_ref1`=:yp50, `telefono_ref1`=:yp51, `ocupacion_ref1`=:yp52, `tiempo_ref1`=:yp53, `nombre_ref2`=:yp54, `domicilio_ref2`=:yp55, `telefono_ref2`=:yp56, `ocupacion_ref2`=:yp57, `tiempo_ref2`=:yp58, `nombre_ref3`=:yp59, `domicilio_ref3`=:yp60, `telefono_ref3`=:yp61, `ocupacion_ref3`=:yp62, `tiempo_ref3`=:yp63, `parientes`=:yp64, `afianzado`=:yp65, `sindicato`=:yp66, `seguro_vida`=:yp67, `viajar`=:yp68, `cambiar_residencia`=:yp69, `otros_ingresos`=:yp70, `importe_ingresos`=:yp71, `conyuge_trabaja`=:yp72, `percepcion`=:yp73, `casa_propia`=:yp74, `valor_casa`=:yp75, `paga_renta`=:yp76, `renta`=:yp77, `dependientes`=:yp78, `automovil`=:yp79, `deudas`=:yp80, `importe_deudas`=:yp81, `acreedor`=:yp82, `abono_mensual`=:yp83, `gastos_mensuales`=:yp84 WHERE `aspirantes`.`id`='126'.
in C:\wamp64\www\biempleos\protected\controllers\AspirantesController.php (164)
in C:\wamp64\www\biempleos\index.php (13)
2017/02/24 19:01:22 [error] [exception.CDbException] exception 'CDbException' with message 'CDbCommand falló al ejecutar la sentencia SQL: SQLSTATE[22007]: Invalid datetime format: 1292 Incorrect date value: '' for column 'fecha_nacimiento' at row 1. The SQL statement executed was: UPDATE `aspirantes` SET `id`=:yp0, `foto`=:yp1, `nombre`=:yp2, `fecha_nacimiento`=:yp3, `sexo`=:yp4, `nacionalidad`=:yp5, `estatura`=:yp6, `peso`=:yp7, `estado_civil`=:yp8, `calle`=:yp9, `numero`=:yp10, `colonia`=:yp11, `codigo_postal`=:yp12, `curp`=:yp13, `rfc`=:yp14, `nss`=:yp15, `afore`=:yp16, `cartilla_militar`=:yp17, `pasaporte`=:yp18, `licencia`=:yp19, `clase_licencia`=:yp20, `numero_licencia`=:yp21, `deportista`=:yp22, `deporte`=:yp23, `club`=:yp24, `pasatiempo`=:yp25, `meta`=:yp26, `estudio`=:yp27, `escuela`=:yp28, `inicio`=:yp29, `finalizacion`=:yp30, `titulo`=:yp31, `idioma`=:yp32, `porcentaje`=:yp33, `funciones_oficina`=:yp34, `maquinaria_oficina`=:yp35, `software`=:yp36, `otras_funciones`=:yp37, `trabajo_anterior`=:yp38, `tiempo_trabajo`=:yp39, `compania`=:yp40, `direccion`=:yp41, `telefono`=:yp42, `puesto`=:yp43, `sueldo_inicial`=:yp44, `sueldo_final`=:yp45, `motivo_separacion`=:yp46, `nombre_jefe`=:yp47, `puesto_jefe`=:yp48, `nombre_ref1`=:yp49, `domicilio_ref1`=:yp50, `telefono_ref1`=:yp51, `ocupacion_ref1`=:yp52, `tiempo_ref1`=:yp53, `nombre_ref2`=:yp54, `domicilio_ref2`=:yp55, `telefono_ref2`=:yp56, `ocupacion_ref2`=:yp57, `tiempo_ref2`=:yp58, `nombre_ref3`=:yp59, `domicilio_ref3`=:yp60, `telefono_ref3`=:yp61, `ocupacion_ref3`=:yp62, `tiempo_ref3`=:yp63, `parientes`=:yp64, `afianzado`=:yp65, `sindicato`=:yp66, `seguro_vida`=:yp67, `viajar`=:yp68, `cambiar_residencia`=:yp69, `otros_ingresos`=:yp70, `importe_ingresos`=:yp71, `conyuge_trabaja`=:yp72, `percepcion`=:yp73, `casa_propia`=:yp74, `valor_casa`=:yp75, `paga_renta`=:yp76, `renta`=:yp77, `dependientes`=:yp78, `automovil`=:yp79, `deudas`=:yp80, `importe_deudas`=:yp81, `acreedor`=:yp82, `abono_mensual`=:yp83, `gastos_mensuales`=:yp84 WHERE `aspirantes`.`id`='126'' in C:\wamp64\www\yii\framework\db\CDbCommand.php:358
Stack trace:
#0 C:\wamp64\www\yii\framework\db\ar\CActiveRecord.php(1753): CDbCommand->execute()
#1 C:\wamp64\www\yii\framework\db\ar\CActiveRecord.php(1127): CActiveRecord->updateByPk('126', Array)
#2 C:\wamp64\www\yii\framework\db\ar\CActiveRecord.php(809): CActiveRecord->update(NULL)
#3 C:\wamp64\www\biempleos\protected\controllers\AspirantesController.php(164): CActiveRecord->save()
#4 C:\wamp64\www\yii\framework\web\actions\CInlineAction.php(49): AspirantesController->actionSolicitud()
#5 C:\wamp64\www\yii\framework\web\CController.php(308): CInlineAction->runWithParams(Array)
#6 C:\wamp64\www\yii\framework\web\filters\CFilterChain.php(133): CController->runAction(Object(CInlineAction))
#7 C:\wamp64\www\yii\framework\web\filters\CFilter.php(40): CFilterChain->run()
#8 C:\wamp64\www\yii\framework\web\CController.php(1145): CFilter->filter(Object(CFilterChain))
#9 C:\wamp64\www\yii\framework\web\filters\CInlineFilter.php(58): CController->filterAccessControl(Object(CFilterChain))
#10 C:\wamp64\www\yii\framework\web\filters\CFilterChain.php(130): CInlineFilter->filter(Object(CFilterChain))
#11 C:\wamp64\www\yii\framework\web\CController.php(291): CFilterChain->run()
#12 C:\wamp64\www\yii\framework\web\CController.php(265): CController->runActionWithFilters(Object(CInlineAction), Array)
#13 C:\wamp64\www\yii\framework\web\CWebApplication.php(282): CController->run('solicitud')
#14 C:\wamp64\www\yii\framework\web\CWebApplication.php(141): CWebApplication->runController('aspirantes/soli...')
#15 C:\wamp64\www\yii\framework\base\CApplication.php(185): CWebApplication->processRequest()
#16 C:\wamp64\www\biempleos\index.php(13): CApplication->run()
#17 {main}
REQUEST_URI=/biempleos/aspirantes/solicitud
HTTP_REFERER=http://localhost/biempleos/aspirantes/solicitud
---
2017/02/24 19:08:22 [error] [php] include(Fuunctions.php): failed to open stream: No such file or directory (C:\wamp64\www\yii\framework\YiiBase.php:432)
Stack trace:
#0 C:\wamp64\www\biempleos\protected\controllers\AspirantesController.php(164): spl_autoload_call()
#1 C:\wamp64\www\yii\framework\web\actions\CInlineAction.php(49): AspirantesController->actionSolicitud()
#2 C:\wamp64\www\yii\framework\web\CController.php(308): CInlineAction->runWithParams()
#3 C:\wamp64\www\yii\framework\web\filters\CFilterChain.php(133): AspirantesController->runAction()
#4 C:\wamp64\www\yii\framework\web\filters\CFilter.php(40): CFilterChain->run()
#5 C:\wamp64\www\yii\framework\web\CController.php(1145): CAccessControlFilter->filter()
#6 C:\wamp64\www\yii\framework\web\filters\CInlineFilter.php(58): AspirantesController->filterAccessControl()
#7 C:\wamp64\www\yii\framework\web\filters\CFilterChain.php(130): CInlineFilter->filter()
#8 C:\wamp64\www\yii\framework\web\CController.php(291): CFilterChain->run()
#9 C:\wamp64\www\yii\framework\web\CController.php(265): AspirantesController->runActionWithFilters()
#10 C:\wamp64\www\yii\framework\web\CWebApplication.php(282): AspirantesController->run()
#11 C:\wamp64\www\yii\framework\web\CWebApplication.php(141): CWebApplication->runController()
#12 C:\wamp64\www\yii\framework\base\CApplication.php(185): CWebApplication->processRequest()
#13 C:\wamp64\www\biempleos\index.php(13): CWebApplication->run()
REQUEST_URI=/biempleos/aspirantes/solicitud
in C:\wamp64\www\biempleos\protected\controllers\AspirantesController.php (164)
in C:\wamp64\www\biempleos\index.php (13)
2017/02/24 20:08:53 [error] [php] strpos() expects parameter 1 to be string, object given (C:\wamp64\www\yii\framework\web\helpers\CHtml.php:2677)
Stack trace:
#0 C:\wamp64\www\yii\framework\web\helpers\CHtml.php(1981): resolveNameID()
#1 C:\wamp64\www\yii\framework\web\widgets\CActiveForm.php(914): activeDropDownList()
#2 C:\wamp64\www\biempleos\protected\views\aspirantes\_formSolicitud.php(52): CActiveForm->dropDownList()
#3 C:\wamp64\www\yii\framework\web\CBaseController.php(126): require()
#4 C:\wamp64\www\yii\framework\web\CBaseController.php(95): AspirantesController->renderInternal()
#5 C:\wamp64\www\yii\framework\web\CController.php(869): AspirantesController->renderFile()
#6 C:\wamp64\www\biempleos\protected\views\aspirantes\solicitud.php(3): AspirantesController->renderPartial()
#7 C:\wamp64\www\yii\framework\web\CBaseController.php(126): require()
#8 C:\wamp64\www\yii\framework\web\CBaseController.php(95): AspirantesController->renderInternal()
#9 C:\wamp64\www\yii\framework\web\CController.php(869): AspirantesController->renderFile()
#10 C:\wamp64\www\yii\framework\web\CController.php(782): AspirantesController->renderPartial()
#11 C:\wamp64\www\biempleos\protected\controllers\AspirantesController.php(172): AspirantesController->render()
#12 C:\wamp64\www\yii\framework\web\actions\CInlineAction.php(49): AspirantesController->actionSolicitud()
#13 C:\wamp64\www\yii\framework\web\CController.php(308): CInlineAction->runWithParams()
#14 C:\wamp64\www\yii\framework\web\filters\CFilterChain.php(133): AspirantesController->runAction()
#15 C:\wamp64\www\yii\framework\web\filters\CFilter.php(40): CFilterChain->run()
#16 C:\wamp64\www\yii\framework\web\CController.php(1145): CAccessControlFilter->filter()
#17 C:\wamp64\www\yii\framework\web\filters\CInlineFilter.php(58): AspirantesController->filterAccessControl()
#18 C:\wamp64\www\yii\framework\web\filters\CFilterChain.php(130): CInlineFilter->filter()
#19 C:\wamp64\www\yii\framework\web\CController.php(291): CFilterChain->run()
#20 C:\wamp64\www\yii\framework\web\CController.php(265): AspirantesController->runActionWithFilters()
#21 C:\wamp64\www\yii\framework\web\CWebApplication.php(282): AspirantesController->run()
#22 C:\wamp64\www\yii\framework\web\CWebApplication.php(141): CWebApplication->runController()
#23 C:\wamp64\www\yii\framework\base\CApplication.php(185): CWebApplication->processRequest()
#24 C:\wamp64\www\biempleos\index.php(13): CWebApplication->run()
REQUEST_URI=/biempleos/aspirantes/solicitud
in C:\wamp64\www\biempleos\protected\views\aspirantes\_formSolicitud.php (52)
in C:\wamp64\www\biempleos\protected\views\aspirantes\solicitud.php (3)
in C:\wamp64\www\biempleos\protected\controllers\AspirantesController.php (172)
2017/02/24 20:09:06 [error] [php] Trying to get property of non-object (C:\wamp64\www\yii\framework\web\helpers\CHtml.php:2729)
Stack trace:
#0 C:\wamp64\www\biempleos\protected\views\aspirantes\_formSolicitud.php(52): CActiveForm->dropDownList()
#1 C:\wamp64\www\yii\framework\web\CBaseController.php(126): require()
#2 C:\wamp64\www\yii\framework\web\CBaseController.php(95): AspirantesController->renderInternal()
#3 C:\wamp64\www\yii\framework\web\CController.php(869): AspirantesController->renderFile()
#4 C:\wamp64\www\biempleos\protected\views\aspirantes\solicitud.php(3): AspirantesController->renderPartial()
#5 C:\wamp64\www\yii\framework\web\CBaseController.php(126): require()
#6 C:\wamp64\www\yii\framework\web\CBaseController.php(95): AspirantesController->renderInternal()
#7 C:\wamp64\www\yii\framework\web\CController.php(869): AspirantesController->renderFile()
#8 C:\wamp64\www\yii\framework\web\CController.php(782): AspirantesController->renderPartial()
#9 C:\wamp64\www\biempleos\protected\controllers\AspirantesController.php(172): AspirantesController->render()
#10 C:\wamp64\www\yii\framework\web\actions\CInlineAction.php(49): AspirantesController->actionSolicitud()
#11 C:\wamp64\www\yii\framework\web\CController.php(308): CInlineAction->runWithParams()
#12 C:\wamp64\www\yii\framework\web\filters\CFilterChain.php(133): AspirantesController->runAction()
#13 C:\wamp64\www\yii\framework\web\filters\CFilter.php(40): CFilterChain->run()
#14 C:\wamp64\www\yii\framework\web\CController.php(1145): CAccessControlFilter->filter()
#15 C:\wamp64\www\yii\framework\web\filters\CInlineFilter.php(58): AspirantesController->filterAccessControl()
#16 C:\wamp64\www\yii\framework\web\filters\CFilterChain.php(130): CInlineFilter->filter()
#17 C:\wamp64\www\yii\framework\web\CController.php(291): CFilterChain->run()
#18 C:\wamp64\www\yii\framework\web\CController.php(265): AspirantesController->runActionWithFilters()
#19 C:\wamp64\www\yii\framework\web\CWebApplication.php(282): AspirantesController->run()
#20 C:\wamp64\www\yii\framework\web\CWebApplication.php(141): CWebApplication->runController()
#21 C:\wamp64\www\yii\framework\base\CApplication.php(185): CWebApplication->processRequest()
#22 C:\wamp64\www\biempleos\index.php(13): CWebApplication->run()
REQUEST_URI=/biempleos/aspirantes/solicitud
in C:\wamp64\www\biempleos\protected\views\aspirantes\_formSolicitud.php (52)
in C:\wamp64\www\biempleos\protected\views\aspirantes\solicitud.php (3)
in C:\wamp64\www\biempleos\protected\controllers\AspirantesController.php (172)
